c:\users\b407_21\desktop\struct\1011\1011\debug\vc140.pdb
c:\users\b407_21\desktop\struct\1011\1011\debug\vc140.idb
c:\users\b407_21\desktop\struct\1011\1011\debug\소스.obj
c:\users\b407_21\desktop\struct\1011\debug\1011.pdb
c:\users\b407_21\desktop\struct\1011\1011\debug\1011.tlog\cl.command.1.tlog
c:\users\b407_21\desktop\struct\1011\1011\debug\1011.tlog\cl.read.1.tlog
c:\users\b407_21\desktop\struct\1011\1011\debug\1011.tlog\cl.write.1.tlog
c:\users\b407_21\desktop\struct\1011\1011\debug\1011.tlog\link-cvtres.read.1.tlog
c:\users\b407_21\desktop\struct\1011\1011\debug\1011.tlog\link-cvtres.write.1.tlog
c:\users\b407_21\desktop\struct\1011\1011\debug\1011.tlog\link-rc.read.1.tlog
c:\users\b407_21\desktop\struct\1011\1011\debug\1011.tlog\link-rc.write.1.tlog
c:\users\b407_21\desktop\struct\1011\1011\debug\1011.tlog\link.16828-cvtres.read.1.tlog
c:\users\b407_21\desktop\struct\1011\1011\debug\1011.tlog\link.16828-cvtres.write.1.tlog
c:\users\b407_21\desktop\struct\1011\1011\debug\1011.tlog\link.16828-rc.read.1.tlog
c:\users\b407_21\desktop\struct\1011\1011\debug\1011.tlog\link.16828-rc.write.1.tlog
c:\users\b407_21\desktop\struct\1011\1011\debug\1011.tlog\link.16828.read.1.tlog
c:\users\b407_21\desktop\struct\1011\1011\debug\1011.tlog\link.16828.write.1.tlog
c:\users\b407_21\desktop\struct\1011\1011\debug\1011.tlog\link.command.1.tlog
c:\users\b407_21\desktop\struct\1011\1011\debug\1011.tlog\link.read.1.tlog
c:\users\b407_21\desktop\struct\1011\1011\debug\1011.tlog\link.write.1.tlog
